[ 2017-08-27T11:08:07+08:00 ] ::1 /simplecard
INFO: [ app_init ] --START--
INFO: Run Behavior\BuildLiteBehavior [ RunTime:0.000000s ]
INFO: [ app_init ] --END-- [ RunTime:0.003001s ]
INFO: [ app_begin ] --START--
INFO: Run Behavior\ReadHtmlCacheBehavior [ RunTime:0.002000s ]
INFO: [ app_begin ] --END-- [ RunTime:0.002000s ]
SQL: SHOW COLUMNS FROM `simplecard` [ RunTime:0.0570s ]
SQL: SELECT * FROM `simplecard`  [ RunTime:0.0080s ]
INFO: [ view_parse ] --START--
INFO: [ template_filter ] --START--
INFO: Run Behavior\ContentReplaceBehavior [ RunTime:0.001000s ]
INFO: [ template_filter ] --END-- [ RunTime:0.001000s ]
NOTIC: [8] Undefined variable: clan E:\7_ENVIRONMENT\phpStudy\WWW\Application\Runtime\Cache\Simplecard\2760b673d7baaf4281ddea0d5eebdb3a.php 第 74 行.
NOTIC: [8] Undefined variable: clan E:\7_ENVIRONMENT\phpStudy\WWW\Application\Runtime\Cache\Simplecard\2760b673d7baaf4281ddea0d5eebdb3a.php 第 74 行.
NOTIC: [8] Undefined variable: clan E:\7_ENVIRONMENT\phpStudy\WWW\Application\Runtime\Cache\Simplecard\2760b673d7baaf4281ddea0d5eebdb3a.php 第 77 行.
NOTIC: [8] Undefined variable: clan E:\7_ENVIRONMENT\phpStudy\WWW\Application\Runtime\Cache\Simplecard\2760b673d7baaf4281ddea0d5eebdb3a.php 第 77 行.
NOTIC: [8] Undefined variable: clan E:\7_ENVIRONMENT\phpStudy\WWW\Application\Runtime\Cache\Simplecard\2760b673d7baaf4281ddea0d5eebdb3a.php 第 80 行.
NOTIC: [8] Undefined variable: clan E:\7_ENVIRONMENT\phpStudy\WWW\Application\Runtime\Cache\Simplecard\2760b673d7baaf4281ddea0d5eebdb3a.php 第 80 行.
NOTIC: [8] Undefined variable: clan E:\7_ENVIRONMENT\phpStudy\WWW\Application\Runtime\Cache\Simplecard\2760b673d7baaf4281ddea0d5eebdb3a.php 第 83 行.
NOTIC: [8] Undefined variable: clan E:\7_ENVIRONMENT\phpStudy\WWW\Application\Runtime\Cache\Simplecard\2760b673d7baaf4281ddea0d5eebdb3a.php 第 83 行.
NOTIC: [8] Undefined variable: clan E:\7_ENVIRONMENT\phpStudy\WWW\Application\Runtime\Cache\Simplecard\2760b673d7baaf4281ddea0d5eebdb3a.php 第 86 行.
NOTIC: [8] Undefined variable: clan E:\7_ENVIRONMENT\phpStudy\WWW\Application\Runtime\Cache\Simplecard\2760b673d7baaf4281ddea0d5eebdb3a.php 第 86 行.
NOTIC: [8] Undefined variable: clan E:\7_ENVIRONMENT\phpStudy\WWW\Application\Runtime\Cache\Simplecard\2760b673d7baaf4281ddea0d5eebdb3a.php 第 89 行.
NOTIC: [8] Undefined variable: clan E:\7_ENVIRONMENT\phpStudy\WWW\Application\Runtime\Cache\Simplecard\2760b673d7baaf4281ddea0d5eebdb3a.php 第 89 行.
NOTIC: [8] Undefined variable: clan E:\7_ENVIRONMENT\phpStudy\WWW\Application\Runtime\Cache\Simplecard\2760b673d7baaf4281ddea0d5eebdb3a.php 第 92 行.
NOTIC: [8] Undefined variable: clan E:\7_ENVIRONMENT\phpStudy\WWW\Application\Runtime\Cache\Simplecard\2760b673d7baaf4281ddea0d5eebdb3a.php 第 92 行.
NOTIC: [8] Undefined variable: clan E:\7_ENVIRONMENT\phpStudy\WWW\Application\Runtime\Cache\Simplecard\2760b673d7baaf4281ddea0d5eebdb3a.php 第 95 行.
NOTIC: [8] Undefined variable: clan E:\7_ENVIRONMENT\phpStudy\WWW\Application\Runtime\Cache\Simplecard\2760b673d7baaf4281ddea0d5eebdb3a.php 第 95 行.
NOTIC: [8] Undefined variable: type E:\7_ENVIRONMENT\phpStudy\WWW\Application\Runtime\Cache\Simplecard\2760b673d7baaf4281ddea0d5eebdb3a.php 第 108 行.
NOTIC: [8] Undefined variable: type E:\7_ENVIRONMENT\phpStudy\WWW\Application\Runtime\Cache\Simplecard\2760b673d7baaf4281ddea0d5eebdb3a.php 第 108 行.
NOTIC: [8] Undefined variable: type E:\7_ENVIRONMENT\phpStudy\WWW\Application\Runtime\Cache\Simplecard\2760b673d7baaf4281ddea0d5eebdb3a.php 第 111 行.
NOTIC: [8] Undefined variable: type E:\7_ENVIRONMENT\phpStudy\WWW\Application\Runtime\Cache\Simplecard\2760b673d7baaf4281ddea0d5eebdb3a.php 第 111 行.
NOTIC: [8] Undefined variable: type E:\7_ENVIRONMENT\phpStudy\WWW\Application\Runtime\Cache\Simplecard\2760b673d7baaf4281ddea0d5eebdb3a.php 第 114 行.
NOTIC: [8] Undefined variable: type E:\7_ENVIRONMENT\phpStudy\WWW\Application\Runtime\Cache\Simplecard\2760b673d7baaf4281ddea0d5eebdb3a.php 第 114 行.
NOTIC: [8] Undefined variable: type E:\7_ENVIRONMENT\phpStudy\WWW\Application\Runtime\Cache\Simplecard\2760b673d7baaf4281ddea0d5eebdb3a.php 第 117 行.
NOTIC: [8] Undefined variable: type E:\7_ENVIRONMENT\phpStudy\WWW\Application\Runtime\Cache\Simplecard\2760b673d7baaf4281ddea0d5eebdb3a.php 第 117 行.
NOTIC: [8] Undefined variable: type E:\7_ENVIRONMENT\phpStudy\WWW\Application\Runtime\Cache\Simplecard\2760b673d7baaf4281ddea0d5eebdb3a.php 第 120 行.
NOTIC: [8] Undefined variable: type E:\7_ENVIRONMENT\phpStudy\WWW\Application\Runtime\Cache\Simplecard\2760b673d7baaf4281ddea0d5eebdb3a.php 第 120 行.
NOTIC: [8] Undefined variable: type E:\7_ENVIRONMENT\phpStudy\WWW\Application\Runtime\Cache\Simplecard\2760b673d7baaf4281ddea0d5eebdb3a.php 第 123 行.
NOTIC: [8] Undefined variable: type E:\7_ENVIRONMENT\phpStudy\WWW\Application\Runtime\Cache\Simplecard\2760b673d7baaf4281ddea0d5eebdb3a.php 第 123 行.
NOTIC: [8] Undefined variable: type E:\7_ENVIRONMENT\phpStudy\WWW\Application\Runtime\Cache\Simplecard\2760b673d7baaf4281ddea0d5eebdb3a.php 第 126 行.
NOTIC: [8] Undefined variable: type E:\7_ENVIRONMENT\phpStudy\WWW\Application\Runtime\Cache\Simplecard\2760b673d7baaf4281ddea0d5eebdb3a.php 第 126 行.
NOTIC: [8] Undefined variable: deck E:\7_ENVIRONMENT\phpStudy\WWW\Application\Runtime\Cache\Simplecard\2760b673d7baaf4281ddea0d5eebdb3a.php 第 135 行.
NOTIC: [8] Undefined variable: deck E:\7_ENVIRONMENT\phpStudy\WWW\Application\Runtime\Cache\Simplecard\2760b673d7baaf4281ddea0d5eebdb3a.php 第 135 行.
NOTIC: [8] Undefined variable: deck E:\7_ENVIRONMENT\phpStudy\WWW\Application\Runtime\Cache\Simplecard\2760b673d7baaf4281ddea0d5eebdb3a.php 第 138 行.
NOTIC: [8] Undefined variable: deck E:\7_ENVIRONMENT\phpStudy\WWW\Application\Runtime\Cache\Simplecard\2760b673d7baaf4281ddea0d5eebdb3a.php 第 138 行.
NOTIC: [8] Undefined variable: other E:\7_ENVIRONMENT\phpStudy\WWW\Application\Runtime\Cache\Simplecard\2760b673d7baaf4281ddea0d5eebdb3a.php 第 141 行.
NOTIC: [8] Undefined variable: other E:\7_ENVIRONMENT\phpStudy\WWW\Application\Runtime\Cache\Simplecard\2760b673d7baaf4281ddea0d5eebdb3a.php 第 141 行.
NOTIC: [8] Undefined variable: count E:\7_ENVIRONMENT\phpStudy\WWW\Application\Runtime\Cache\Simplecard\2760b673d7baaf4281ddea0d5eebdb3a.php 第 147 行.
INFO: Run Behavior\ParseTemplateBehavior [ RunTime:0.066003s ]
INFO: [ view_parse ] --END-- [ RunTime:0.066003s ]
INFO: [ view_filter ] --START--
INFO: Run Behavior\WriteHtmlCacheBehavior [ RunTime:0.001000s ]
INFO: [ view_filter ] --END-- [ RunTime:0.001000s ]
INFO: [ app_end ] --START--
INFO: Run Behavior\ShowPageTraceBehavior [ RunTime:0.007000s ]
INFO: [ app_end ] --END-- [ RunTime:0.007000s ]

[ 2017-08-27T11:09:12+08:00 ] ::1 /simplecard
INFO: [ app_init ] --START--
INFO: Run Behavior\BuildLiteBehavior [ RunTime:0.000000s ]
INFO: [ app_init ] --END-- [ RunTime:0.000000s ]
INFO: [ app_begin ] --START--
INFO: Run Behavior\ReadHtmlCacheBehavior [ RunTime:0.000000s ]
INFO: [ app_begin ] --END-- [ RunTime:0.000000s ]
SQL: SHOW COLUMNS FROM `simplecard` [ RunTime:0.0040s ]
SQL: SELECT * FROM `simplecard`  [ RunTime:0.0030s ]
INFO: [ view_parse ] --START--
INFO: [ template_filter ] --START--
INFO: Run Behavior\ContentReplaceBehavior [ RunTime:0.000000s ]
INFO: [ template_filter ] --END-- [ RunTime:0.000000s ]
NOTIC: [8] Undefined variable: clan E:\7_ENVIRONMENT\phpStudy\WWW\Application\Runtime\Cache\Simplecard\2760b673d7baaf4281ddea0d5eebdb3a.php 第 74 行.
NOTIC: [8] Undefined variable: clan E:\7_ENVIRONMENT\phpStudy\WWW\Application\Runtime\Cache\Simplecard\2760b673d7baaf4281ddea0d5eebdb3a.php 第 74 行.
NOTIC: [8] Undefined variable: clan E:\7_ENVIRONMENT\phpStudy\WWW\Application\Runtime\Cache\Simplecard\2760b673d7baaf4281ddea0d5eebdb3a.php 第 77 行.
NOTIC: [8] Undefined variable: clan E:\7_ENVIRONMENT\phpStudy\WWW\Application\Runtime\Cache\Simplecard\2760b673d7baaf4281ddea0d5eebdb3a.php 第 77 行.
NOTIC: [8] Undefined variable: clan E:\7_ENVIRONMENT\phpStudy\WWW\Application\Runtime\Cache\Simplecard\2760b673d7baaf4281ddea0d5eebdb3a.php 第 80 行.
NOTIC: [8] Undefined variable: clan E:\7_ENVIRONMENT\phpStudy\WWW\Application\Runtime\Cache\Simplecard\2760b673d7baaf4281ddea0d5eebdb3a.php 第 80 行.
NOTIC: [8] Undefined variable: clan E:\7_ENVIRONMENT\phpStudy\WWW\Application\Runtime\Cache\Simplecard\2760b673d7baaf4281ddea0d5eebdb3a.php 第 83 行.
NOTIC: [8] Undefined variable: clan E:\7_ENVIRONMENT\phpStudy\WWW\Application\Runtime\Cache\Simplecard\2760b673d7baaf4281ddea0d5eebdb3a.php 第 83 行.
NOTIC: [8] Undefined variable: clan E:\7_ENVIRONMENT\phpStudy\WWW\Application\Runtime\Cache\Simplecard\2760b673d7baaf4281ddea0d5eebdb3a.php 第 86 行.
NOTIC: [8] Undefined variable: clan E:\7_ENVIRONMENT\phpStudy\WWW\Application\Runtime\Cache\Simplecard\2760b673d7baaf4281ddea0d5eebdb3a.php 第 86 行.
NOTIC: [8] Undefined variable: clan E:\7_ENVIRONMENT\phpStudy\WWW\Application\Runtime\Cache\Simplecard\2760b673d7baaf4281ddea0d5eebdb3a.php 第 89 行.
NOTIC: [8] Undefined variable: clan E:\7_ENVIRONMENT\phpStudy\WWW\Application\Runtime\Cache\Simplecard\2760b673d7baaf4281ddea0d5eebdb3a.php 第 89 行.
NOTIC: [8] Undefined variable: clan E:\7_ENVIRONMENT\phpStudy\WWW\Application\Runtime\Cache\Simplecard\2760b673d7baaf4281ddea0d5eebdb3a.php 第 92 行.
NOTIC: [8] Undefined variable: clan E:\7_ENVIRONMENT\phpStudy\WWW\Application\Runtime\Cache\Simplecard\2760b673d7baaf4281ddea0d5eebdb3a.php 第 92 行.
NOTIC: [8] Undefined variable: clan E:\7_ENVIRONMENT\phpStudy\WWW\Application\Runtime\Cache\Simplecard\2760b673d7baaf4281ddea0d5eebdb3a.php 第 95 行.
NOTIC: [8] Undefined variable: clan E:\7_ENVIRONMENT\phpStudy\WWW\Application\Runtime\Cache\Simplecard\2760b673d7baaf4281ddea0d5eebdb3a.php 第 95 行.
NOTIC: [8] Undefined variable: type E:\7_ENVIRONMENT\phpStudy\WWW\Application\Runtime\Cache\Simplecard\2760b673d7baaf4281ddea0d5eebdb3a.php 第 108 行.
NOTIC: [8] Undefined variable: type E:\7_ENVIRONMENT\phpStudy\WWW\Application\Runtime\Cache\Simplecard\2760b673d7baaf4281ddea0d5eebdb3a.php 第 108 行.
NOTIC: [8] Undefined variable: type E:\7_ENVIRONMENT\phpStudy\WWW\Application\Runtime\Cache\Simplecard\2760b673d7baaf4281ddea0d5eebdb3a.php 第 111 行.
NOTIC: [8] Undefined variable: type E:\7_ENVIRONMENT\phpStudy\WWW\Application\Runtime\Cache\Simplecard\2760b673d7baaf4281ddea0d5eebdb3a.php 第 111 行.
NOTIC: [8] Undefined variable: type E:\7_ENVIRONMENT\phpStudy\WWW\Application\Runtime\Cache\Simplecard\2760b673d7baaf4281ddea0d5eebdb3a.php 第 114 行.
NOTIC: [8] Undefined variable: type E:\7_ENVIRONMENT\phpStudy\WWW\Application\Runtime\Cache\Simplecard\2760b673d7baaf4281ddea0d5eebdb3a.php 第 114 行.
NOTIC: [8] Undefined variable: type E:\7_ENVIRONMENT\phpStudy\WWW\Application\Runtime\Cache\Simplecard\2760b673d7baaf4281ddea0d5eebdb3a.php 第 117 行.
NOTIC: [8] Undefined variable: type E:\7_ENVIRONMENT\phpStudy\WWW\Application\Runtime\Cache\Simplecard\2760b673d7baaf4281ddea0d5eebdb3a.php 第 117 行.
NOTIC: [8] Undefined variable: type E:\7_ENVIRONMENT\phpStudy\WWW\Application\Runtime\Cache\Simplecard\2760b673d7baaf4281ddea0d5eebdb3a.php 第 120 行.
NOTIC: [8] Undefined variable: type E:\7_ENVIRONMENT\phpStudy\WWW\Application\Runtime\Cache\Simplecard\2760b673d7baaf4281ddea0d5eebdb3a.php 第 120 行.
NOTIC: [8] Undefined variable: type E:\7_ENVIRONMENT\phpStudy\WWW\Application\Runtime\Cache\Simplecard\2760b673d7baaf4281ddea0d5eebdb3a.php 第 123 行.
NOTIC: [8] Undefined variable: type E:\7_ENVIRONMENT\phpStudy\WWW\Application\Runtime\Cache\Simplecard\2760b673d7baaf4281ddea0d5eebdb3a.php 第 123 行.
NOTIC: [8] Undefined variable: type E:\7_ENVIRONMENT\phpStudy\WWW\Application\Runtime\Cache\Simplecard\2760b673d7baaf4281ddea0d5eebdb3a.php 第 126 行.
NOTIC: [8] Undefined variable: type E:\7_ENVIRONMENT\phpStudy\WWW\Application\Runtime\Cache\Simplecard\2760b673d7baaf4281ddea0d5eebdb3a.php 第 126 行.
NOTIC: [8] Undefined variable: deck E:\7_ENVIRONMENT\phpStudy\WWW\Application\Runtime\Cache\Simplecard\2760b673d7baaf4281ddea0d5eebdb3a.php 第 135 行.
NOTIC: [8] Undefined variable: deck E:\7_ENVIRONMENT\phpStudy\WWW\Application\Runtime\Cache\Simplecard\2760b673d7baaf4281ddea0d5eebdb3a.php 第 135 行.
NOTIC: [8] Undefined variable: deck E:\7_ENVIRONMENT\phpStudy\WWW\Application\Runtime\Cache\Simplecard\2760b673d7baaf4281ddea0d5eebdb3a.php 第 138 行.
NOTIC: [8] Undefined variable: deck E:\7_ENVIRONMENT\phpStudy\WWW\Application\Runtime\Cache\Simplecard\2760b673d7baaf4281ddea0d5eebdb3a.php 第 138 行.
NOTIC: [8] Undefined variable: other E:\7_ENVIRONMENT\phpStudy\WWW\Application\Runtime\Cache\Simplecard\2760b673d7baaf4281ddea0d5eebdb3a.php 第 141 行.
NOTIC: [8] Undefined variable: other E:\7_ENVIRONMENT\phpStudy\WWW\Application\Runtime\Cache\Simplecard\2760b673d7baaf4281ddea0d5eebdb3a.php 第 141 行.
NOTIC: [8] Undefined variable: count E:\7_ENVIRONMENT\phpStudy\WWW\Application\Runtime\Cache\Simplecard\2760b673d7baaf4281ddea0d5eebdb3a.php 第 147 行.
INFO: Run Behavior\ParseTemplateBehavior [ RunTime:0.012000s ]
INFO: [ view_parse ] --END-- [ RunTime:0.012000s ]
INFO: [ view_filter ] --START--
INFO: Run Behavior\WriteHtmlCacheBehavior [ RunTime:0.000000s ]
INFO: [ view_filter ] --END-- [ RunTime:0.000000s ]
INFO: [ app_end ] --START--
INFO: Run Behavior\ShowPageTraceBehavior [ RunTime:0.000000s ]
INFO: [ app_end ] --END-- [ RunTime:0.000000s ]

[ 2017-08-27T11:58:03+08:00 ] ::1 /index.php/Simplecard/Index/find
INFO: [ app_init ] --START--
INFO: Run Behavior\BuildLiteBehavior [ RunTime:0.000000s ]
INFO: [ app_init ] --END-- [ RunTime:0.001000s ]
INFO: [ app_begin ] --START--
INFO: Run Behavior\ReadHtmlCacheBehavior [ RunTime:0.001000s ]
INFO: [ app_begin ] --END-- [ RunTime:0.001000s ]
SQL: SHOW COLUMNS FROM `simplecard` [ RunTime:0.0050s ]
NOTIC: [8] Undefined index: clan E:\7_ENVIRONMENT\phpStudy\WWW\Application\Simplecard\Controller\IndexController.class.php 第 15 行.
NOTIC: [8] Undefined index: type E:\7_ENVIRONMENT\phpStudy\WWW\Application\Simplecard\Controller\IndexController.class.php 第 22 行.
NOTIC: [8] Undefined index: deck E:\7_ENVIRONMENT\phpStudy\WWW\Application\Simplecard\Controller\IndexController.class.php 第 30 行.
NOTIC: [8] Undefined index: other E:\7_ENVIRONMENT\phpStudy\WWW\Application\Simplecard\Controller\IndexController.class.php 第 31 行.
SQL: SELECT * FROM `simplecard` WHERE `Clan` LIKE '%' AND `Type` LIKE '%' AND `Deck` LIKE '%' AND `Name` LIKE '%' ORDER BY Name  [ RunTime:0.0040s ]
INFO: [ view_parse ] --START--
INFO: [ template_filter ] --START--
INFO: Run Behavior\ContentReplaceBehavior [ RunTime:0.000000s ]
INFO: [ template_filter ] --END-- [ RunTime:0.000000s ]
INFO: Run Behavior\ParseTemplateBehavior [ RunTime:0.011001s ]
INFO: [ view_parse ] --END-- [ RunTime:0.011001s ]
INFO: [ view_filter ] --START--
INFO: Run Behavior\WriteHtmlCacheBehavior [ RunTime:0.000000s ]
INFO: [ view_filter ] --END-- [ RunTime:0.001000s ]
INFO: [ app_end ] --START--
INFO: Run Behavior\ShowPageTraceBehavior [ RunTime:0.001000s ]
INFO: [ app_end ] --END-- [ RunTime:0.001000s ]

[ 2017-08-27T11:58:04+08:00 ] ::1 /index.php/Simplecard/Index/find
INFO: [ app_init ] --START--
INFO: Run Behavior\BuildLiteBehavior [ RunTime:0.000000s ]
INFO: [ app_init ] --END-- [ RunTime:0.000000s ]
INFO: [ app_begin ] --START--
INFO: Run Behavior\ReadHtmlCacheBehavior [ RunTime:0.000000s ]
INFO: [ app_begin ] --END-- [ RunTime:0.000000s ]
SQL: SHOW COLUMNS FROM `simplecard` [ RunTime:0.0050s ]
NOTIC: [8] Undefined index: clan E:\7_ENVIRONMENT\phpStudy\WWW\Application\Simplecard\Controller\IndexController.class.php 第 15 行.
NOTIC: [8] Undefined index: type E:\7_ENVIRONMENT\phpStudy\WWW\Application\Simplecard\Controller\IndexController.class.php 第 22 行.
NOTIC: [8] Undefined index: deck E:\7_ENVIRONMENT\phpStudy\WWW\Application\Simplecard\Controller\IndexController.class.php 第 30 行.
NOTIC: [8] Undefined index: other E:\7_ENVIRONMENT\phpStudy\WWW\Application\Simplecard\Controller\IndexController.class.php 第 31 行.
SQL: SELECT * FROM `simplecard` WHERE `Clan` LIKE '%' AND `Type` LIKE '%' AND `Deck` LIKE '%' AND `Name` LIKE '%' ORDER BY Name  [ RunTime:0.0040s ]
INFO: [ view_parse ] --START--
INFO: [ template_filter ] --START--
INFO: Run Behavior\ContentReplaceBehavior [ RunTime:0.000000s ]
INFO: [ template_filter ] --END-- [ RunTime:0.000000s ]
INFO: Run Behavior\ParseTemplateBehavior [ RunTime:0.011000s ]
INFO: [ view_parse ] --END-- [ RunTime:0.011000s ]
INFO: [ view_filter ] --START--
INFO: Run Behavior\WriteHtmlCacheBehavior [ RunTime:0.000000s ]
INFO: [ view_filter ] --END-- [ RunTime:0.001000s ]
INFO: [ app_end ] --START--
INFO: Run Behavior\ShowPageTraceBehavior [ RunTime:0.000000s ]
INFO: [ app_end ] --END-- [ RunTime:0.000000s ]

[ 2017-08-27T11:59:56+08:00 ] ::1 /index.php/Simplecard/Index/find
INFO: [ app_init ] --START--
INFO: Run Behavior\BuildLiteBehavior [ RunTime:0.000000s ]
INFO: [ app_init ] --END-- [ RunTime:0.001000s ]
INFO: [ app_begin ] --START--
INFO: Run Behavior\ReadHtmlCacheBehavior [ RunTime:0.001000s ]
INFO: [ app_begin ] --END-- [ RunTime:0.001000s ]
SQL: SHOW COLUMNS FROM `simplecard` [ RunTime:0.0040s ]
NOTIC: [8] Undefined index: clan E:\7_ENVIRONMENT\phpStudy\WWW\Application\Simplecard\Controller\IndexController.class.php 第 15 行.
NOTIC: [8] Undefined index: type E:\7_ENVIRONMENT\phpStudy\WWW\Application\Simplecard\Controller\IndexController.class.php 第 22 行.
NOTIC: [8] Undefined index: deck E:\7_ENVIRONMENT\phpStudy\WWW\Application\Simplecard\Controller\IndexController.class.php 第 30 行.
NOTIC: [8] Undefined index: other E:\7_ENVIRONMENT\phpStudy\WWW\Application\Simplecard\Controller\IndexController.class.php 第 31 行.
SQL: SELECT * FROM `simplecard` WHERE `Clan` LIKE '%' AND `Type` LIKE '%' AND `Deck` LIKE '%' AND `Name` LIKE '%' ORDER BY Name  [ RunTime:0.0050s ]
INFO: [ view_parse ] --START--
INFO: [ template_filter ] --START--
INFO: Run Behavior\ContentReplaceBehavior [ RunTime:0.000000s ]
INFO: [ template_filter ] --END-- [ RunTime:0.000000s ]
INFO: Run Behavior\ParseTemplateBehavior [ RunTime:0.010001s ]
INFO: [ view_parse ] --END-- [ RunTime:0.010001s ]
INFO: [ view_filter ] --START--
INFO: Run Behavior\WriteHtmlCacheBehavior [ RunTime:0.001000s ]
INFO: [ view_filter ] --END-- [ RunTime:0.001000s ]
INFO: [ app_end ] --START--
INFO: Run Behavior\ShowPageTraceBehavior [ RunTime:0.001000s ]
INFO: [ app_end ] --END-- [ RunTime:0.001000s ]

[ 2017-08-27T11:59:57+08:00 ] ::1 /index.php/Simplecard/Index/find
INFO: [ app_init ] --START--
INFO: Run Behavior\BuildLiteBehavior [ RunTime:0.000000s ]
INFO: [ app_init ] --END-- [ RunTime:0.001000s ]
INFO: [ app_begin ] --START--
INFO: Run Behavior\ReadHtmlCacheBehavior [ RunTime:0.001000s ]
INFO: [ app_begin ] --END-- [ RunTime:0.001000s ]
SQL: SHOW COLUMNS FROM `simplecard` [ RunTime:0.0060s ]
NOTIC: [8] Undefined index: clan E:\7_ENVIRONMENT\phpStudy\WWW\Application\Simplecard\Controller\IndexController.class.php 第 15 行.
NOTIC: [8] Undefined index: type E:\7_ENVIRONMENT\phpStudy\WWW\Application\Simplecard\Controller\IndexController.class.php 第 22 行.
NOTIC: [8] Undefined index: deck E:\7_ENVIRONMENT\phpStudy\WWW\Application\Simplecard\Controller\IndexController.class.php 第 30 行.
NOTIC: [8] Undefined index: other E:\7_ENVIRONMENT\phpStudy\WWW\Application\Simplecard\Controller\IndexController.class.php 第 31 行.
SQL: SELECT * FROM `simplecard` WHERE `Clan` LIKE '%' AND `Type` LIKE '%' AND `Deck` LIKE '%' AND `Name` LIKE '%' ORDER BY Name  [ RunTime:0.0060s ]
INFO: [ view_parse ] --START--
INFO: [ template_filter ] --START--
INFO: Run Behavior\ContentReplaceBehavior [ RunTime:0.000000s ]
INFO: [ template_filter ] --END-- [ RunTime:0.000000s ]
INFO: Run Behavior\ParseTemplateBehavior [ RunTime:0.014001s ]
INFO: [ view_parse ] --END-- [ RunTime:0.014001s ]
INFO: [ view_filter ] --START--
INFO: Run Behavior\WriteHtmlCacheBehavior [ RunTime:0.001000s ]
INFO: [ view_filter ] --END-- [ RunTime:0.001000s ]
INFO: [ app_end ] --START--
INFO: Run Behavior\ShowPageTraceBehavior [ RunTime:0.001000s ]
INFO: [ app_end ] --END-- [ RunTime:0.001000s ]

[ 2017-08-27T11:59:58+08:00 ] ::1 /index.php/Simplecard/Index/find
INFO: [ app_init ] --START--
INFO: Run Behavior\BuildLiteBehavior [ RunTime:0.000000s ]
INFO: [ app_init ] --END-- [ RunTime:0.001000s ]
INFO: [ app_begin ] --START--
INFO: Run Behavior\ReadHtmlCacheBehavior [ RunTime:0.001000s ]
INFO: [ app_begin ] --END-- [ RunTime:0.002000s ]
SQL: SHOW COLUMNS FROM `simplecard` [ RunTime:0.0050s ]
NOTIC: [8] Undefined index: clan E:\7_ENVIRONMENT\phpStudy\WWW\Application\Simplecard\Controller\IndexController.class.php 第 15 行.
NOTIC: [8] Undefined index: type E:\7_ENVIRONMENT\phpStudy\WWW\Application\Simplecard\Controller\IndexController.class.php 第 22 行.
NOTIC: [8] Undefined index: deck E:\7_ENVIRONMENT\phpStudy\WWW\Application\Simplecard\Controller\IndexController.class.php 第 30 行.
NOTIC: [8] Undefined index: other E:\7_ENVIRONMENT\phpStudy\WWW\Application\Simplecard\Controller\IndexController.class.php 第 31 行.
SQL: SELECT * FROM `simplecard` WHERE `Clan` LIKE '%' AND `Type` LIKE '%' AND `Deck` LIKE '%' AND `Name` LIKE '%' ORDER BY Name  [ RunTime:0.0040s ]
INFO: [ view_parse ] --START--
INFO: [ template_filter ] --START--
INFO: Run Behavior\ContentReplaceBehavior [ RunTime:0.000000s ]
INFO: [ template_filter ] --END-- [ RunTime:0.000000s ]
INFO: Run Behavior\ParseTemplateBehavior [ RunTime:0.011000s ]
INFO: [ view_parse ] --END-- [ RunTime:0.011000s ]
INFO: [ view_filter ] --START--
INFO: Run Behavior\WriteHtmlCacheBehavior [ RunTime:0.001000s ]
INFO: [ view_filter ] --END-- [ RunTime:0.001000s ]
INFO: [ app_end ] --START--
INFO: Run Behavior\ShowPageTraceBehavior [ RunTime:0.001000s ]
INFO: [ app_end ] --END-- [ RunTime:0.001000s ]

[ 2017-08-27T12:00:00+08:00 ] ::1 /index.php/Simplecard/Index/find
INFO: [ app_init ] --START--
INFO: Run Behavior\BuildLiteBehavior [ RunTime:0.000000s ]
INFO: [ app_init ] --END-- [ RunTime:0.001000s ]
INFO: [ app_begin ] --START--
INFO: Run Behavior\ReadHtmlCacheBehavior [ RunTime:0.001000s ]
INFO: [ app_begin ] --END-- [ RunTime:0.001000s ]
SQL: SHOW COLUMNS FROM `simplecard` [ RunTime:0.0050s ]
NOTIC: [8] Undefined index: clan E:\7_ENVIRONMENT\phpStudy\WWW\Application\Simplecard\Controller\IndexController.class.php 第 15 行.
NOTIC: [8] Undefined index: type E:\7_ENVIRONMENT\phpStudy\WWW\Application\Simplecard\Controller\IndexController.class.php 第 22 行.
NOTIC: [8] Undefined index: deck E:\7_ENVIRONMENT\phpStudy\WWW\Application\Simplecard\Controller\IndexController.class.php 第 30 行.
NOTIC: [8] Undefined index: other E:\7_ENVIRONMENT\phpStudy\WWW\Application\Simplecard\Controller\IndexController.class.php 第 31 行.
SQL: SELECT * FROM `simplecard` WHERE `Clan` LIKE '%' AND `Type` LIKE '%' AND `Deck` LIKE '%' AND `Name` LIKE '%' ORDER BY Name  [ RunTime:0.0040s ]
INFO: [ view_parse ] --START--
INFO: [ template_filter ] --START--
INFO: Run Behavior\ContentReplaceBehavior [ RunTime:0.000000s ]
INFO: [ template_filter ] --END-- [ RunTime:0.000000s ]
INFO: Run Behavior\ParseTemplateBehavior [ RunTime:0.011001s ]
INFO: [ view_parse ] --END-- [ RunTime:0.011001s ]
INFO: [ view_filter ] --START--
INFO: Run Behavior\WriteHtmlCacheBehavior [ RunTime:0.001000s ]
INFO: [ view_filter ] --END-- [ RunTime:0.001000s ]
INFO: [ app_end ] --START--
INFO: Run Behavior\ShowPageTraceBehavior [ RunTime:0.000000s ]
INFO: [ app_end ] --END-- [ RunTime:0.000000s ]

[ 2017-08-27T12:00:01+08:00 ] ::1 /index.php/Simplecard/Index/find
INFO: [ app_init ] --START--
INFO: Run Behavior\BuildLiteBehavior [ RunTime:0.000000s ]
INFO: [ app_init ] --END-- [ RunTime:0.001000s ]
INFO: [ app_begin ] --START--
INFO: Run Behavior\ReadHtmlCacheBehavior [ RunTime:0.001000s ]
INFO: [ app_begin ] --END-- [ RunTime:0.001000s ]
SQL: SHOW COLUMNS FROM `simplecard` [ RunTime:0.0060s ]
NOTIC: [8] Undefined index: clan E:\7_ENVIRONMENT\phpStudy\WWW\Application\Simplecard\Controller\IndexController.class.php 第 15 行.
NOTIC: [8] Undefined index: type E:\7_ENVIRONMENT\phpStudy\WWW\Application\Simplecard\Controller\IndexController.class.php 第 22 行.
NOTIC: [8] Undefined index: deck E:\7_ENVIRONMENT\phpStudy\WWW\Application\Simplecard\Controller\IndexController.class.php 第 30 行.
NOTIC: [8] Undefined index: other E:\7_ENVIRONMENT\phpStudy\WWW\Application\Simplecard\Controller\IndexController.class.php 第 31 行.
SQL: SELECT * FROM `simplecard` WHERE `Clan` LIKE '%' AND `Type` LIKE '%' AND `Deck` LIKE '%' AND `Name` LIKE '%' ORDER BY Name  [ RunTime:0.0040s ]
INFO: [ view_parse ] --START--
INFO: [ template_filter ] --START--
INFO: Run Behavior\ContentReplaceBehavior [ RunTime:0.000000s ]
INFO: [ template_filter ] --END-- [ RunTime:0.000000s ]
INFO: Run Behavior\ParseTemplateBehavior [ RunTime:0.010000s ]
INFO: [ view_parse ] --END-- [ RunTime:0.011000s ]
INFO: [ view_filter ] --START--
INFO: Run Behavior\WriteHtmlCacheBehavior [ RunTime:0.001000s ]
INFO: [ view_filter ] --END-- [ RunTime:0.001000s ]
INFO: [ app_end ] --START--
INFO: Run Behavior\ShowPageTraceBehavior [ RunTime:0.001000s ]
INFO: [ app_end ] --END-- [ RunTime:0.001000s ]

[ 2017-08-27T12:00:02+08:00 ] ::1 /index.php/Simplecard/Index/find
INFO: [ app_init ] --START--
INFO: Run Behavior\BuildLiteBehavior [ RunTime:0.000000s ]
INFO: [ app_init ] --END-- [ RunTime:0.000000s ]
INFO: [ app_begin ] --START--
INFO: Run Behavior\ReadHtmlCacheBehavior [ RunTime:0.001000s ]
INFO: [ app_begin ] --END-- [ RunTime:0.001000s ]
SQL: SHOW COLUMNS FROM `simplecard` [ RunTime:0.0050s ]
NOTIC: [8] Undefined index: clan E:\7_ENVIRONMENT\phpStudy\WWW\Application\Simplecard\Controller\IndexController.class.php 第 15 行.
NOTIC: [8] Undefined index: type E:\7_ENVIRONMENT\phpStudy\WWW\Application\Simplecard\Controller\IndexController.class.php 第 22 行.
NOTIC: [8] Undefined index: deck E:\7_ENVIRONMENT\phpStudy\WWW\Application\Simplecard\Controller\IndexController.class.php 第 30 行.
NOTIC: [8] Undefined index: other E:\7_ENVIRONMENT\phpStudy\WWW\Application\Simplecard\Controller\IndexController.class.php 第 31 行.
SQL: SELECT * FROM `simplecard` WHERE `Clan` LIKE '%' AND `Type` LIKE '%' AND `Deck` LIKE '%' AND `Name` LIKE '%' ORDER BY Name  [ RunTime:0.0040s ]
INFO: [ view_parse ] --START--
INFO: [ template_filter ] --START--
INFO: Run Behavior\ContentReplaceBehavior [ RunTime:0.000000s ]
INFO: [ template_filter ] --END-- [ RunTime:0.000000s ]
INFO: Run Behavior\ParseTemplateBehavior [ RunTime:0.011001s ]
INFO: [ view_parse ] --END-- [ RunTime:0.011001s ]
INFO: [ view_filter ] --START--
INFO: Run Behavior\WriteHtmlCacheBehavior [ RunTime:0.000000s ]
INFO: [ view_filter ] --END-- [ RunTime:0.000000s ]
INFO: [ app_end ] --START--
INFO: Run Behavior\ShowPageTraceBehavior [ RunTime:0.001000s ]
INFO: [ app_end ] --END-- [ RunTime:0.001000s ]

[ 2017-08-27T12:00:03+08:00 ] ::1 /index.php/Simplecard/Index/find
INFO: [ app_init ] --START--
INFO: Run Behavior\BuildLiteBehavior [ RunTime:0.000000s ]
INFO: [ app_init ] --END-- [ RunTime:0.001000s ]
INFO: [ app_begin ] --START--
INFO: Run Behavior\ReadHtmlCacheBehavior [ RunTime:0.001000s ]
INFO: [ app_begin ] --END-- [ RunTime:0.002000s ]
SQL: SHOW COLUMNS FROM `simplecard` [ RunTime:0.0050s ]
NOTIC: [8] Undefined index: clan E:\7_ENVIRONMENT\phpStudy\WWW\Application\Simplecard\Controller\IndexController.class.php 第 15 行.
NOTIC: [8] Undefined index: type E:\7_ENVIRONMENT\phpStudy\WWW\Application\Simplecard\Controller\IndexController.class.php 第 22 行.
NOTIC: [8] Undefined index: deck E:\7_ENVIRONMENT\phpStudy\WWW\Application\Simplecard\Controller\IndexController.class.php 第 30 行.
NOTIC: [8] Undefined index: other E:\7_ENVIRONMENT\phpStudy\WWW\Application\Simplecard\Controller\IndexController.class.php 第 31 行.
SQL: SELECT * FROM `simplecard` WHERE `Clan` LIKE '%' AND `Type` LIKE '%' AND `Deck` LIKE '%' AND `Name` LIKE '%' ORDER BY Name  [ RunTime:0.0040s ]
INFO: [ view_parse ] --START--
INFO: [ template_filter ] --START--
INFO: Run Behavior\ContentReplaceBehavior [ RunTime:0.000000s ]
INFO: [ template_filter ] --END-- [ RunTime:0.000000s ]
INFO: Run Behavior\ParseTemplateBehavior [ RunTime:0.012000s ]
INFO: [ view_parse ] --END-- [ RunTime:0.012000s ]
INFO: [ view_filter ] --START--
INFO: Run Behavior\WriteHtmlCacheBehavior [ RunTime:0.001000s ]
INFO: [ view_filter ] --END-- [ RunTime:0.001000s ]
INFO: [ app_end ] --START--
INFO: Run Behavior\ShowPageTraceBehavior [ RunTime:0.001000s ]
INFO: [ app_end ] --END-- [ RunTime:0.001000s ]

