[ 2018-03-30T21:20:32+08:00 ] ::1 /simplecard
INFO: [ app_init ] --START--
INFO: Run Behavior\BuildLiteBehavior [ RunTime:0.000000s ]
INFO: [ app_init ] --END-- [ RunTime:0.001000s ]
INFO: [ app_begin ] --START--
INFO: Run Behavior\ReadHtmlCacheBehavior [ RunTime:0.001000s ]
INFO: [ app_begin ] --END-- [ RunTime:0.001000s ]
SQL: SHOW COLUMNS FROM `simplecard` [ RunTime:0.0040s ]
SQL: SELECT * FROM `simplecard`  [ RunTime:0.0040s ]
INFO: [ view_parse ] --START--
INFO: [ template_filter ] --START--
INFO: Run Behavior\ContentReplaceBehavior [ RunTime:0.000000s ]
INFO: [ template_filter ] --END-- [ RunTime:0.000000s ]
NOTIC: [8] Undefined variable: clan E:\7_ENVIRONMENT\phpStudy\WWW\Application\Runtime\Cache\Simplecard\2760b673d7baaf4281ddea0d5eebdb3a.php 第 75 行.
NOTIC: [8] Undefined variable: clan E:\7_ENVIRONMENT\phpStudy\WWW\Application\Runtime\Cache\Simplecard\2760b673d7baaf4281ddea0d5eebdb3a.php 第 75 行.
NOTIC: [8] Undefined variable: clan E:\7_ENVIRONMENT\phpStudy\WWW\Application\Runtime\Cache\Simplecard\2760b673d7baaf4281ddea0d5eebdb3a.php 第 78 行.
NOTIC: [8] Undefined variable: clan E:\7_ENVIRONMENT\phpStudy\WWW\Application\Runtime\Cache\Simplecard\2760b673d7baaf4281ddea0d5eebdb3a.php 第 78 行.
NOTIC: [8] Undefined variable: clan E:\7_ENVIRONMENT\phpStudy\WWW\Application\Runtime\Cache\Simplecard\2760b673d7baaf4281ddea0d5eebdb3a.php 第 81 行.
NOTIC: [8] Undefined variable: clan E:\7_ENVIRONMENT\phpStudy\WWW\Application\Runtime\Cache\Simplecard\2760b673d7baaf4281ddea0d5eebdb3a.php 第 81 行.
NOTIC: [8] Undefined variable: clan E:\7_ENVIRONMENT\phpStudy\WWW\Application\Runtime\Cache\Simplecard\2760b673d7baaf4281ddea0d5eebdb3a.php 第 84 行.
NOTIC: [8] Undefined variable: clan E:\7_ENVIRONMENT\phpStudy\WWW\Application\Runtime\Cache\Simplecard\2760b673d7baaf4281ddea0d5eebdb3a.php 第 84 行.
NOTIC: [8] Undefined variable: clan E:\7_ENVIRONMENT\phpStudy\WWW\Application\Runtime\Cache\Simplecard\2760b673d7baaf4281ddea0d5eebdb3a.php 第 87 行.
NOTIC: [8] Undefined variable: clan E:\7_ENVIRONMENT\phpStudy\WWW\Application\Runtime\Cache\Simplecard\2760b673d7baaf4281ddea0d5eebdb3a.php 第 87 行.
NOTIC: [8] Undefined variable: clan E:\7_ENVIRONMENT\phpStudy\WWW\Application\Runtime\Cache\Simplecard\2760b673d7baaf4281ddea0d5eebdb3a.php 第 90 行.
NOTIC: [8] Undefined variable: clan E:\7_ENVIRONMENT\phpStudy\WWW\Application\Runtime\Cache\Simplecard\2760b673d7baaf4281ddea0d5eebdb3a.php 第 90 行.
NOTIC: [8] Undefined variable: clan E:\7_ENVIRONMENT\phpStudy\WWW\Application\Runtime\Cache\Simplecard\2760b673d7baaf4281ddea0d5eebdb3a.php 第 93 行.
NOTIC: [8] Undefined variable: clan E:\7_ENVIRONMENT\phpStudy\WWW\Application\Runtime\Cache\Simplecard\2760b673d7baaf4281ddea0d5eebdb3a.php 第 93 行.
NOTIC: [8] Undefined variable: clan E:\7_ENVIRONMENT\phpStudy\WWW\Application\Runtime\Cache\Simplecard\2760b673d7baaf4281ddea0d5eebdb3a.php 第 96 行.
NOTIC: [8] Undefined variable: clan E:\7_ENVIRONMENT\phpStudy\WWW\Application\Runtime\Cache\Simplecard\2760b673d7baaf4281ddea0d5eebdb3a.php 第 96 行.
NOTIC: [8] Undefined variable: type E:\7_ENVIRONMENT\phpStudy\WWW\Application\Runtime\Cache\Simplecard\2760b673d7baaf4281ddea0d5eebdb3a.php 第 109 行.
NOTIC: [8] Undefined variable: type E:\7_ENVIRONMENT\phpStudy\WWW\Application\Runtime\Cache\Simplecard\2760b673d7baaf4281ddea0d5eebdb3a.php 第 109 行.
NOTIC: [8] Undefined variable: type E:\7_ENVIRONMENT\phpStudy\WWW\Application\Runtime\Cache\Simplecard\2760b673d7baaf4281ddea0d5eebdb3a.php 第 112 行.
NOTIC: [8] Undefined variable: type E:\7_ENVIRONMENT\phpStudy\WWW\Application\Runtime\Cache\Simplecard\2760b673d7baaf4281ddea0d5eebdb3a.php 第 112 行.
NOTIC: [8] Undefined variable: type E:\7_ENVIRONMENT\phpStudy\WWW\Application\Runtime\Cache\Simplecard\2760b673d7baaf4281ddea0d5eebdb3a.php 第 115 行.
NOTIC: [8] Undefined variable: type E:\7_ENVIRONMENT\phpStudy\WWW\Application\Runtime\Cache\Simplecard\2760b673d7baaf4281ddea0d5eebdb3a.php 第 115 行.
NOTIC: [8] Undefined variable: type E:\7_ENVIRONMENT\phpStudy\WWW\Application\Runtime\Cache\Simplecard\2760b673d7baaf4281ddea0d5eebdb3a.php 第 118 行.
NOTIC: [8] Undefined variable: type E:\7_ENVIRONMENT\phpStudy\WWW\Application\Runtime\Cache\Simplecard\2760b673d7baaf4281ddea0d5eebdb3a.php 第 118 行.
NOTIC: [8] Undefined variable: type E:\7_ENVIRONMENT\phpStudy\WWW\Application\Runtime\Cache\Simplecard\2760b673d7baaf4281ddea0d5eebdb3a.php 第 121 行.
NOTIC: [8] Undefined variable: type E:\7_ENVIRONMENT\phpStudy\WWW\Application\Runtime\Cache\Simplecard\2760b673d7baaf4281ddea0d5eebdb3a.php 第 121 行.
NOTIC: [8] Undefined variable: type E:\7_ENVIRONMENT\phpStudy\WWW\Application\Runtime\Cache\Simplecard\2760b673d7baaf4281ddea0d5eebdb3a.php 第 124 行.
NOTIC: [8] Undefined variable: type E:\7_ENVIRONMENT\phpStudy\WWW\Application\Runtime\Cache\Simplecard\2760b673d7baaf4281ddea0d5eebdb3a.php 第 124 行.
NOTIC: [8] Undefined variable: type E:\7_ENVIRONMENT\phpStudy\WWW\Application\Runtime\Cache\Simplecard\2760b673d7baaf4281ddea0d5eebdb3a.php 第 127 行.
NOTIC: [8] Undefined variable: type E:\7_ENVIRONMENT\phpStudy\WWW\Application\Runtime\Cache\Simplecard\2760b673d7baaf4281ddea0d5eebdb3a.php 第 127 行.
NOTIC: [8] Undefined variable: deck E:\7_ENVIRONMENT\phpStudy\WWW\Application\Runtime\Cache\Simplecard\2760b673d7baaf4281ddea0d5eebdb3a.php 第 136 行.
NOTIC: [8] Undefined variable: deck E:\7_ENVIRONMENT\phpStudy\WWW\Application\Runtime\Cache\Simplecard\2760b673d7baaf4281ddea0d5eebdb3a.php 第 136 行.
NOTIC: [8] Undefined variable: deck E:\7_ENVIRONMENT\phpStudy\WWW\Application\Runtime\Cache\Simplecard\2760b673d7baaf4281ddea0d5eebdb3a.php 第 139 行.
NOTIC: [8] Undefined variable: deck E:\7_ENVIRONMENT\phpStudy\WWW\Application\Runtime\Cache\Simplecard\2760b673d7baaf4281ddea0d5eebdb3a.php 第 139 行.
NOTIC: [8] Undefined variable: other E:\7_ENVIRONMENT\phpStudy\WWW\Application\Runtime\Cache\Simplecard\2760b673d7baaf4281ddea0d5eebdb3a.php 第 142 行.
NOTIC: [8] Undefined variable: other E:\7_ENVIRONMENT\phpStudy\WWW\Application\Runtime\Cache\Simplecard\2760b673d7baaf4281ddea0d5eebdb3a.php 第 142 行.
NOTIC: [8] Undefined variable: count E:\7_ENVIRONMENT\phpStudy\WWW\Application\Runtime\Cache\Simplecard\2760b673d7baaf4281ddea0d5eebdb3a.php 第 148 行.
INFO: Run Behavior\ParseTemplateBehavior [ RunTime:0.025001s ]
INFO: [ view_parse ] --END-- [ RunTime:0.025001s ]
INFO: [ view_filter ] --START--
INFO: Run Behavior\WriteHtmlCacheBehavior [ RunTime:0.001000s ]
INFO: [ view_filter ] --END-- [ RunTime:0.001000s ]
INFO: [ app_end ] --START--
INFO: Run Behavior\ShowPageTraceBehavior [ RunTime:0.001000s ]
INFO: [ app_end ] --END-- [ RunTime:0.001000s ]

[ 2018-03-30T21:20:41+08:00 ] ::1 /index.php/Simplecard/Index/find
INFO: [ app_init ] --START--
INFO: Run Behavior\BuildLiteBehavior [ RunTime:0.000000s ]
INFO: [ app_init ] --END-- [ RunTime:0.000000s ]
INFO: [ app_begin ] --START--
INFO: Run Behavior\ReadHtmlCacheBehavior [ RunTime:0.001000s ]
INFO: [ app_begin ] --END-- [ RunTime:0.001000s ]
SQL: SHOW COLUMNS FROM `simplecard` [ RunTime:0.0060s ]
NOTIC: [8] Undefined index: type E:\7_ENVIRONMENT\phpStudy\WWW\Application\Simplecard\Controller\IndexController.class.php 第 22 行.
NOTIC: [8] Undefined index: deck E:\7_ENVIRONMENT\phpStudy\WWW\Application\Simplecard\Controller\IndexController.class.php 第 30 行.
NOTIC: [8] Undefined index: other E:\7_ENVIRONMENT\phpStudy\WWW\Application\Simplecard\Controller\IndexController.class.php 第 31 行.
SQL: SELECT * FROM `simplecard` WHERE `Clan` IN ('Crab') AND `Type` LIKE '%' AND `Deck` LIKE '%' AND `Name` LIKE '%' ORDER BY Name  [ RunTime:0.0010s ]
INFO: [ view_parse ] --START--
INFO: [ template_filter ] --START--
INFO: Run Behavior\ContentReplaceBehavior [ RunTime:0.000000s ]
INFO: [ template_filter ] --END-- [ RunTime:0.000000s ]
INFO: Run Behavior\ParseTemplateBehavior [ RunTime:0.012000s ]
INFO: [ view_parse ] --END-- [ RunTime:0.013000s ]
INFO: [ view_filter ] --START--
INFO: Run Behavior\WriteHtmlCacheBehavior [ RunTime:0.000000s ]
INFO: [ view_filter ] --END-- [ RunTime:0.000000s ]
INFO: [ app_end ] --START--
INFO: Run Behavior\ShowPageTraceBehavior [ RunTime:0.001000s ]
INFO: [ app_end ] --END-- [ RunTime:0.001000s ]

[ 2018-03-30T21:20:47+08:00 ] ::1 /index.php/Simplecard/Index/find
INFO: [ app_init ] --START--
INFO: Run Behavior\BuildLiteBehavior [ RunTime:0.000000s ]
INFO: [ app_init ] --END-- [ RunTime:0.000000s ]
INFO: [ app_begin ] --START--
INFO: Run Behavior\ReadHtmlCacheBehavior [ RunTime:0.001000s ]
INFO: [ app_begin ] --END-- [ RunTime:0.001000s ]
SQL: SHOW COLUMNS FROM `simplecard` [ RunTime:0.0060s ]
NOTIC: [8] Undefined index: deck E:\7_ENVIRONMENT\phpStudy\WWW\Application\Simplecard\Controller\IndexController.class.php 第 30 行.
NOTIC: [8] Undefined index: other E:\7_ENVIRONMENT\phpStudy\WWW\Application\Simplecard\Controller\IndexController.class.php 第 31 行.
SQL: SELECT * FROM `simplecard` WHERE `Clan` IN ('Crab') AND `Type` IN ('Attachment') AND `Deck` LIKE '%' AND `Name` LIKE '%' ORDER BY Name  [ RunTime:0.0010s ]
INFO: [ view_parse ] --START--
INFO: [ template_filter ] --START--
INFO: Run Behavior\ContentReplaceBehavior [ RunTime:0.001000s ]
INFO: [ template_filter ] --END-- [ RunTime:0.001000s ]
INFO: Run Behavior\ParseTemplateBehavior [ RunTime:0.015001s ]
INFO: [ view_parse ] --END-- [ RunTime:0.015001s ]
INFO: [ view_filter ] --START--
INFO: Run Behavior\WriteHtmlCacheBehavior [ RunTime:0.000000s ]
INFO: [ view_filter ] --END-- [ RunTime:0.000000s ]
INFO: [ app_end ] --START--
INFO: Run Behavior\ShowPageTraceBehavior [ RunTime:0.000000s ]
INFO: [ app_end ] --END-- [ RunTime:0.000000s ]

